[0m17:28:12.732202 [debug] [MainThread]: Sending event: {'category': 'dbt', 'action': 'invocation', 'label': 'start', 'context': [<snowplow_tracker.self_describing_json.SelfDescribingJson object at 0x1194be850>, <snowplow_tracker.self_describing_json.SelfDescribingJson object at 0x11952a350>, <snowplow_tracker.self_describing_json.SelfDescribingJson object at 0x11952ab10>]}


============================== 17:28:12.735828 | 1f81fb1d-9d2b-4bcf-9822-424a02149bfc ==============================
[0m17:28:12.735828 [info ] [MainThread]: Running with dbt=1.9.2
[0m17:28:12.736209 [debug] [MainThread]: running dbt with arguments {'printer_width': '80', 'indirect_selection': 'eager', 'write_json': 'True', 'log_cache_events': 'False', 'partial_parse': 'True', 'cache_selected_only': 'False', 'warn_error': 'None', 'debug': 'False', 'fail_fast': 'False', 'log_path': 'logs', 'version_check': 'True', 'profiles_dir': '/Users/waithira/.dbt', 'use_colors': 'True', 'use_experimental_parser': 'False', 'empty': 'None', 'quiet': 'False', 'no_print': 'None', 'warn_error_options': 'WarnErrorOptions(include=[], exclude=[])', 'invocation_command': 'dbt init', 'introspect': 'True', 'log_format': 'default', 'target_path': 'None', 'static_parser': 'True', 'send_anonymous_usage_stats': 'True'}
[0m17:28:32.106876 [debug] [MainThread]: Starter project path: /Library/Frameworks/Python.framework/Versions/3.11/lib/python3.11/site-packages/dbt/include/starter_project
[0m17:28:32.116955 [info ] [MainThread]: 
Your new dbt project "beverage_sales" was created!

For more information on how to configure the profiles.yml file,
please consult the dbt documentation here:

  https://docs.getdbt.com/docs/configure-your-profile

One more thing:

Need help? Don't hesitate to reach out to us via GitHub issues or on Slack:

  https://community.getdbt.com/

Happy modeling!

[0m17:28:32.117452 [info ] [MainThread]: Setting up your profile.
[0m17:32:39.998646 [info ] [MainThread]: Profile beverage_sales written to /Users/waithira/.dbt/profiles.yml using target's profile_template.yml and your supplied values. Run 'dbt debug' to validate the connection.
[0m17:32:40.080131 [debug] [MainThread]: Resource report: {"command_name": "init", "command_success": true, "command_wall_clock_time": 267.39554, "process_in_blocks": "0", "process_kernel_time": 1.147082, "process_mem_max_rss": "196231168", "process_out_blocks": "0", "process_user_time": 2.424717}
[0m17:32:40.083625 [debug] [MainThread]: Command `dbt init` succeeded at 17:32:40.082910 after 267.40 seconds
[0m17:32:40.088091 [debug] [MainThread]: Sending event: {'category': 'dbt', 'action': 'invocation', 'label': 'end', 'context': [<snowplow_tracker.self_describing_json.SelfDescribingJson object at 0x1078e0110>, <snowplow_tracker.self_describing_json.SelfDescribingJson object at 0x10305ac90>, <snowplow_tracker.self_describing_json.SelfDescribingJson object at 0x1551a1f10>]}
[0m17:32:40.089812 [debug] [MainThread]: Flushing usage events
[0m17:32:41.606979 [debug] [MainThread]: An error was encountered while trying to flush usage events
